[    0.000000] Linux version 4.15.0-212-generic (buildd@lcy02-amd64-083) (gcc version 7.5.0 (Ubuntu 7.5.0-3ubuntu1~18.04)) #223-Ubuntu SMP Tue May 23 13:09:22 UTC 2023 (Ubuntu 4.15.0-212.223-generic 4.15.18)
[    0.000000] Command line: BOOT_IMAGE=/boot/vmlinuz-4.15.0-212-generic root=LABEL=cloudimg-rootfs ro console=tty1 console=ttyS0
[    0.000000] KERNEL supported cpus:
[    0.000000]   Intel GenuineIntel
[    0.000000]   AMD AuthenticAMD
[    0.000000]   Centaur CentaurHauls
[    0.000000] x86/fpu: Supporting XSAVE feature 0x001: 'x87 floating point registers'
[    0.000000] x86/fpu: Supporting XSAVE feature 0x002: 'SSE registers'
[    0.000000] x86/fpu: Supporting XSAVE feature 0x004: 'AVX registers'
[    0.000000] x86/fpu: xstate_offset[2]:  576, xstate_sizes[2]:  256
[    0.000000] x86/fpu: Enabled xstate features 0x7, context size is 832 bytes, using 'standard' format.
[    0.000000] e820: BIOS-provided physical RAM map:
[    0.000000] BIOS-e820: [mem 0x0000000000000000-0x000000000009fbff] usable
[    0.000000] BIOS-e820: [mem 0x000000000009fc00-0x000000000009ffff] reserved
[    0.000000] BIOS-e820: [mem 0x00000000000f0000-0x00000000000fffff] reserved
[    0.000000] BIOS-e820: [mem 0x0000000000100000-0x000000003ffeffff] usable
[    0.000000] BIOS-e820: [mem 0x000000003fff0000-0x000000003fffffff] ACPI data
[    0.000000] BIOS-e820: [mem 0x00000000fec00000-0x00000000fec00fff] reserved
[    0.000000] BIOS-e820: [mem 0x00000000fee00000-0x00000000fee00fff] reserved
[    0.000000] BIOS-e820: [mem 0x00000000fffc0000-0x00000000ffffffff] reserved
[    0.000000] NX (Execute Disable) protection: active
[    0.000000] SMBIOS 2.5 present.
[    0.000000] DMI: innotek GmbH VirtualBox/VirtualBox, BIOS VirtualBox 12/01/2006
[    0.000000] Hypervisor detected: KVM
[    0.000000] e820: last_pfn = 0x3fff0 max_arch_pfn = 0x400000000
[    0.000000] MTRR: Disabled
[    0.000000] x86/PAT: MTRRs disabled, skipping PAT initialization too.
[    0.000000] CPU MTRRs all blank - virtualized system.
[    0.000000] x86/PAT: Configuration [0-7]: WB  WT  UC- UC  WB  WT  UC- UC  
[    0.000000] found SMP MP-table at [mem 0x0009fff0-0x0009ffff]
[    0.000000] Scanning 1 areas for low memory corruption
[    0.000000] RAMDISK: [mem 0x359cb000-0x36cdcfff]
[    0.000000] ACPI: Early table checksum verification disabled
[    0.000000] ACPI: RSDP 0x00000000000E0000 000024 (v02 VBOX  )
[    0.000000] ACPI: XSDT 0x000000003FFF0030 00003C (v01 VBOX   VBOXXSDT 00000001 ASL  00000061)
[    0.000000] ACPI: FACP 0x000000003FFF00F0 0000F4 (v04 VBOX   VBOXFACP 00000001 ASL  00000061)
[    0.000000] ACPI: DSDT 0x000000003FFF0470 002325 (v02 VBOX   VBOXBIOS 00000002 INTL 20190509)
[    0.000000] ACPI: FACS 0x000000003FFF0200 000040
[    0.000000] ACPI: FACS 0x000000003FFF0200 000040
[    0.000000] ACPI: APIC 0x000000003FFF0240 00005C (v02 VBOX   VBOXAPIC 00000001 ASL  00000061)
[    0.000000] ACPI: SSDT 0x000000003FFF02A0 0001CC (v01 VBOX   VBOXCPUT 00000002 INTL 20190509)
[    0.000000] ACPI: Reserving FACP table memory at [mem 0x3fff00f0-0x3fff01e3]
[    0.000000] ACPI: Reserving DSDT table memory at [mem 0x3fff0470-0x3fff2794]
[    0.000000] ACPI: Reserving FACS table memory at [mem 0x3fff0200-0x3fff023f]
[    0.000000] ACPI: Reserving FACS table memory at [mem 0x3fff0200-0x3fff023f]
[    0.000000] ACPI: Reserving APIC table memory at [mem 0x3fff0240-0x3fff029b]
[    0.000000] ACPI: Reserving SSDT table memory at [mem 0x3fff02a0-0x3fff046b]
[    0.000000] No NUMA configuration found
[    0.000000] Faking a node at [mem 0x0000000000000000-0x000000003ffeffff]
[    0.000000] NODE_DATA(0) allocated [mem 0x3ffc5000-0x3ffeffff]
[    0.000000] kvm-clock: cpu 0, msr 0:3ff44001, primary cpu clock
[    0.000000] kvm-clock: Using msrs 4b564d01 and 4b564d00
[    0.000000] kvm-clock: using sched offset of 3946205900 cycles
[    0.000000] clocksource: kvm-clock: mask: 0xffffffffffffffff max_cycles: 0x1cd42e4dffb, max_idle_ns: 881590591483 ns
[    0.000000] Zone ranges:
[    0.000000]   DMA      [mem 0x0000000000001000-0x0000000000ffffff]
[    0.000000]   DMA32    [mem 0x0000000001000000-0x000000003ffeffff]
[    0.000000]   Normal   empty
[    0.000000]   Device   empty
[    0.000000] Movable zone start for each node
[    0.000000] Early memory node ranges
[    0.000000]   node   0: [mem 0x0000000000001000-0x000000000009efff]
[    0.000000]   node   0: [mem 0x0000000000100000-0x000000003ffeffff]
[    0.000000] Reserved but unavailable: 104 pages
[    0.000000] Initmem setup node 0 [mem 0x0000000000001000-0x000000003ffeffff]
[    0.000000] ACPI: PM-Timer IO Port: 0x4008
[    0.000000] IOAPIC[0]: apic_id 2, version 32, address 0xfec00000, GSI 0-23
[    0.000000] ACPI: INT_SRC_OVR (bus 0 bus_irq 0 global_irq 2 dfl dfl)
[    0.000000] ACPI: INT_SRC_OVR (bus 0 bus_irq 9 global_irq 9 low level)
[    0.000000] Using ACPI (MADT) for SMP configuration information
[    0.000000] smpboot: Allowing 2 CPUs, 0 hotplug CPUs
[    0.000000] PM: Registered nosave memory: [mem 0x00000000-0x00000fff]
[    0.000000] PM: Registered nosave memory: [mem 0x0009f000-0x0009ffff]
[    0.000000] PM: Registered nosave memory: [mem 0x000a0000-0x000effff]
[    0.000000] PM: Registered nosave memory: [mem 0x000f0000-0x000fffff]
[    0.000000] e820: [mem 0x40000000-0xfebfffff] available for PCI devices
[    0.000000] Booting paravirtualized kernel on KVM
[    0.000000] clocksource: refined-jiffies: mask: 0xffffffff max_cycles: 0xffffffff, max_idle_ns: 7645519600211568 ns
[    0.000000] setup_percpu: NR_CPUS:8192 nr_cpumask_bits:2 nr_cpu_ids:2 nr_node_ids:1
[    0.000000] percpu: Embedded 50 pages/cpu s167936 r8192 d28672 u1048576
[    0.000000] PV qspinlock hash table entries: 256 (order: 0, 4096 bytes)
[    0.000000] Built 1 zonelists, mobility grouping on.  Total pages: 257913
[    0.000000] Policy zone: DMA32
[    0.000000] Kernel command line: BOOT_IMAGE=/boot/vmlinuz-4.15.0-212-generic root=LABEL=cloudimg-rootfs ro console=tty1 console=ttyS0
[    0.000000] Memory: 982644K/1048120K available (12300K kernel code, 2477K rwdata, 4324K rodata, 2480K init, 2720K bss, 65476K reserved, 0K cma-reserved)
[    0.000000] SLUB: HWalign=64, Order=0-3, MinObjects=0, CPUs=2, Nodes=1
[    0.000000] Kernel/User page tables isolation: enabled
[    0.000000] ftrace: allocating 39508 entries in 155 pages
[    0.004000] Hierarchical RCU implementation.
[    0.004000] 	RCU restricting CPUs from NR_CPUS=8192 to nr_cpu_ids=2.
[    0.004000] 	Tasks RCU enabled.
[    0.004000] RCU: Adjusting geometry for rcu_fanout_leaf=16, nr_cpu_ids=2
[    0.004000] NR_IRQS: 524544, nr_irqs: 440, preallocated irqs: 16
[    0.004000] random: crng init done
[    0.004000] Console: colour VGA+ 80x25
[    0.004000] console [tty1] enabled
[    0.004000] console [ttyS0] enabled
[    0.004000] ACPI: Core revision 20170831
[    0.004000] ACPI: 2 ACPI AML tables successfully acquired and loaded
[    0.004000] APIC: Switch to symmetric I/O mode setup
[    0.004000] x2apic enabled
[    0.004000] Switched APIC routing to physical x2apic.
[    0.005942] ..TIMER: vector=0x30 apic1=0 pin1=2 apic2=-1 pin2=-1
[    0.008008] tsc: Detected 1190.400 MHz processor
[    0.009249] Calibrating delay loop (skipped) preset value.. 2380.80 BogoMIPS (lpj=4761600)
[    0.012007] pid_max: default: 32768 minimum: 301
[    0.012933] Security Framework initialized
[    0.013646] Yama: becoming mindful.
[    0.014217] AppArmor: AppArmor initialized
[    0.016014] Dentry cache hash table entries: 131072 (order: 8, 1048576 bytes)
[    0.017151] Inode-cache hash table entries: 65536 (order: 7, 524288 bytes)
[    0.018395] Mount-cache hash table entries: 2048 (order: 2, 16384 bytes)
[    0.020038] Mountpoint-cache hash table entries: 2048 (order: 2, 16384 bytes)
[    0.022724] Last level iTLB entries: 4KB 0, 2MB 0, 4MB 0
[    0.024004] Last level dTLB entries: 4KB 0, 2MB 0, 4MB 0, 1GB 0
[    0.025175] Spectre V1 : Mitigation: usercopy/swapgs barriers and __user pointer sanitization
[    0.027013] Spectre V2 : Mitigation: Retpolines
[    0.028004] Spectre V2 : Spectre v2 / SpectreRSB mitigation: Filling RSB on context switch
[    0.029659] Spectre V2 : Spectre v2 / SpectreRSB : Filling RSB on VMEXIT
[    0.032002] RETBleed: WARNING: Spectre v2 mitigation leaves CPU vulnerable to RETBleed attacks, data leaks possible!
[    0.033906] RETBleed: Vulnerable
[    0.034555] Speculative Store Bypass: Vulnerable
[    0.036396] MDS: Mitigation: Clear CPU buffers
[    0.038250] MMIO Stale Data: Mitigation: Clear CPU buffers
[    0.040029] SRBDS: Unknown: Dependent on hypervisor status
[    0.042063] Freeing SMP alternatives memory: 36K
[    0.154999] smpboot: CPU0: Intel(R) Core(TM) i5-1035G1 CPU @ 1.00GHz (family: 0x6, model: 0x7e, stepping: 0x5)
[    0.156000] Performance Events: unsupported p6 CPU model 126 no PMU driver, software events only.
[    0.156000] Hierarchical SRCU implementation.
[    0.156616] NMI watchdog: Perf event create on CPU 0 failed with -2
[    0.157924] NMI watchdog: Perf NMI watchdog permanently disabled
[    0.159499] smp: Bringing up secondary CPUs ...
[    0.160079] x86: Booting SMP configuration:
[    0.160754] .... node  #0, CPUs:      #1
[    0.004000] kvm-clock: cpu 1, msr 0:3ff44041, secondary cpu clock
[    0.164029] smp: Brought up 1 node, 2 CPUs
[    0.165644] smpboot: Max logical packages: 1
[    0.168032] smpboot: Total of 2 processors activated (4761.60 BogoMIPS)
[    0.172275] devtmpfs: initialized
[    0.174401] x86/mm: Memory block size: 128MB
[    0.176312] evm: security.selinux
[    0.177334] evm: security.SMACK64
[    0.178719] evm: security.SMACK64EXEC
[    0.180009] evm: security.SMACK64TRANSMUTE
[    0.181212] evm: security.SMACK64MMAP
[    0.182399] evm: security.apparmor
[    0.184018] evm: security.ima
[    0.185319] evm: security.capability
[    0.186518] clocksource: jiffies: mask: 0xffffffff max_cycles: 0xffffffff, max_idle_ns: 7645041785100000 ns
[    0.188019] futex hash table entries: 512 (order: 3, 32768 bytes)
[    0.189390] pinctrl core: initialized pinctrl subsystem
[    0.192149] RTC time:  2:53:27, date: 09/20/23
[    0.193294] NET: Registered protocol family 16
[    0.194167] audit: initializing netlink subsys (disabled)
[    0.195141] audit: type=2000 audit(1695178412.503:1): state=initialized audit_enabled=0 res=1
[    0.196009] cpuidle: using governor ladder
[    0.196852] cpuidle: using governor menu
[    0.197807] ACPI: bus type PCI registered
[    0.200015] acpiphp: ACPI Hot Plug PCI Controller Driver version: 0.5
[    0.202464] PCI: Using configuration type 1 for base access
[    0.205785] HugeTLB registered 2.00 MiB page size, pre-allocated 0 pages
[    0.208106] ACPI: Added _OSI(Module Device)
[    0.209073] ACPI: Added _OSI(Processor Device)
[    0.209934] ACPI: Added _OSI(3.0 _SCP Extensions)
[    0.212003] ACPI: Added _OSI(Processor Aggregator Device)
[    0.212926] ACPI: Added _OSI(Linux-Dell-Video)
[    0.213754] ACPI: Added _OSI(Linux-Lenovo-NV-HDMI-Audio)
[    0.214741] ACPI: Added _OSI(Linux-HPI-Hybrid-Graphics)
[    0.216604] ACPI: Executed 1 blocks of module-level executable AML code
[    0.223629] ACPI: Interpreter enabled
[    0.224028] ACPI: (supports S0 S5)
[    0.224907] ACPI: Using IOAPIC for interrupt routing
[    0.226265] PCI: Using host bridge windows from ACPI; if necessary, use "pci=nocrs" and report a bug
[    0.228173] ACPI: Enabled 2 GPEs in block 00 to 07
[    0.238989] ACPI: PCI Root Bridge [PCI0] (domain 0000 [bus 00-ff])
[    0.240028] acpi PNP0A03:00: _OSC: OS supports [ASPM ClockPM Segments MSI]
[    0.242537] acpi PNP0A03:00: _OSC: not requesting OS control; OS requires [ExtendedConfig ASPM ClockPM MSI]
[    0.244012] acpi PNP0A03:00: fail to add MMCONFIG information, can't access extended PCI configuration space under this bridge.
[    0.246074] PCI host bridge to bus 0000:00
[    0.248018] pci_bus 0000:00: root bus resource [io  0x0000-0x0cf7 window]
[    0.250130] pci_bus 0000:00: root bus resource [io  0x0d00-0xffff window]
[    0.252013] pci_bus 0000:00: root bus resource [mem 0x000a0000-0x000bffff window]
[    0.253965] pci_bus 0000:00: root bus resource [mem 0x40000000-0xfdffffff window]
[    0.256010] pci_bus 0000:00: root bus resource [bus 00-ff]
[    0.261274] pci 0000:00:01.1: legacy IDE quirk: reg 0x10: [io  0x01f0-0x01f7]
[    0.262486] pci 0000:00:01.1: legacy IDE quirk: reg 0x14: [io  0x03f6]
[    0.263578] pci 0000:00:01.1: legacy IDE quirk: reg 0x18: [io  0x0170-0x0177]
[    0.264004] pci 0000:00:01.1: legacy IDE quirk: reg 0x1c: [io  0x0376]
[    0.292976] pci 0000:00:07.0: quirk: [io  0x4000-0x403f] claimed by PIIX4 ACPI
[    0.295265] pci 0000:00:07.0: quirk: [io  0x4100-0x410f] claimed by PIIX4 SMB
[    0.327503] ACPI: PCI Interrupt Link [LNKA] (IRQs 5 9 10 *11)
[    0.328612] ACPI: PCI Interrupt Link [LNKB] (IRQs 5 9 *10 11)
[    0.332384] ACPI: PCI Interrupt Link [LNKC] (IRQs 5 *9 10 11)
[    0.336492] ACPI: PCI Interrupt Link [LNKD] (IRQs 5 9 10 *11)
[    0.341129] SCSI subsystem initialized
[    0.344271] pci 0000:00:02.0: vgaarb: setting as boot VGA device
[    0.346473] pci 0000:00:02.0: vgaarb: VGA device added: decodes=io+mem,owns=io+mem,locks=none
[    0.348022] pci 0000:00:02.0: vgaarb: bridge control possible
[    0.350036] vgaarb: loaded
[    0.351169] ACPI: bus type USB registered
[    0.352079] usbcore: registered new interface driver usbfs
[    0.354177] usbcore: registered new interface driver hub
[    0.356049] usbcore: registered new device driver usb
[    0.358208] EDAC MC: Ver: 3.0.0
[    0.360705] PCI: Using ACPI for IRQ routing
[    0.364760] NetLabel: Initializing
[    0.366185] NetLabel:  domain hash size = 128
[    0.368014] NetLabel:  protocols = UNLABELED CIPSOv4 CALIPSO
[    0.370580] NetLabel:  unlabeled traffic allowed by default
[    0.372216] clocksource: Switched to clocksource kvm-clock
[    0.400300] VFS: Disk quotas dquot_6.6.0
[    0.402106] VFS: Dquot-cache hash table entries: 512 (order 0, 4096 bytes)
[    0.405051] AppArmor: AppArmor Filesystem Enabled
[    0.406766] pnp: PnP ACPI init
[    0.411077] pnp: PnP ACPI: found 3 devices
[    0.423813] clocksource: acpi_pm: mask: 0xffffff max_cycles: 0xffffff, max_idle_ns: 2085701024 ns
[    0.427666] NET: Registered protocol family 2
[    0.429743] IP idents hash table entries: 16384 (order: 5, 131072 bytes)
[    0.437638] TCP established hash table entries: 8192 (order: 4, 65536 bytes)
[    0.440456] TCP bind hash table entries: 8192 (order: 5, 131072 bytes)
[    0.442820] TCP: Hash tables configured (established 8192 bind 8192)
[    0.445023] UDP hash table entries: 512 (order: 2, 16384 bytes)
[    0.447496] UDP-Lite hash table entries: 512 (order: 2, 16384 bytes)
[    0.450210] NET: Registered protocol family 1
[    0.451659] pci 0000:00:00.0: Limiting direct PCI/PCI transfers
[    0.453874] pci 0000:00:01.0: Activating ISA DMA hang workarounds
[    0.455597] pci 0000:00:02.0: Video device with shadowed ROM at [mem 0x000c0000-0x000dffff]
[    0.459267] Unpacking initramfs...
[    0.898522] Freeing initrd memory: 19528K
[    0.899782] clocksource: tsc: mask: 0xffffffffffffffff max_cycles: 0x1128af0325d, max_idle_ns: 440795261011 ns
[    0.901984] platform rtc_cmos: registered platform RTC device (no PNP device found)
[    0.903374] Scanning for low memory corruption every 60 seconds
[    0.904846] Initialise system trusted keyrings
[    0.905640] Key type blacklist registered
[    0.906670] workingset: timestamp_bits=36 max_order=18 bucket_order=0
[    0.911360] zbud: loaded
[    0.913257] squashfs: version 4.0 (2009/01/31) Phillip Lougher
[    0.915346] fuse init (API version 7.26)
[    0.917979] Key type asymmetric registered
[    0.918903] Asymmetric key parser 'x509' registered
[    0.919959] Block layer SCSI generic (bsg) driver version 0.4 loaded (major 246)
[    0.921600] io scheduler noop registered
[    0.922326] io scheduler deadline registered
[    0.923200] io scheduler cfq registered (default)
[    0.925153] ACPI: AC Adapter [AC] (on-line)
[    0.926640] input: Power Button as /devices/LNXSYSTM:00/LNXPWRBN:00/input/input0
[    0.929012] ACPI: Power Button [PWRF]
[    0.930227] input: Sleep Button as /devices/LNXSYSTM:00/LNXSLPBN:00/input/input1
[    0.932327] ACPI: Sleep Button [SLPF]
[    0.933821] Serial: 8250/16550 driver, 32 ports, IRQ sharing enabled
[    0.934630] ACPI: Battery Slot [BAT0] (battery present)
[    0.956988] 00:02: ttyS0 at I/O 0x3f8 (irq = 4, base_baud = 115200) is a 16550A
[    0.962159] Linux agpgart interface v0.103
[    0.967422] loop: module loaded
[    0.970068] scsi host0: ata_piix
[    0.970740] scsi host1: ata_piix
[    0.971457] ata1: PATA max UDMA/33 cmd 0x1f0 ctl 0x3f6 bmdma 0xd000 irq 14
[    0.972884] ata2: PATA max UDMA/33 cmd 0x170 ctl 0x376 bmdma 0xd008 irq 15
[    0.976324] tun: Universal TUN/TAP device driver, 1.6
[    0.978400] PPP generic driver version 2.4.2
[    0.979934] ehci_hcd: USB 2.0 'Enhanced' Host Controller (EHCI) Driver
[    0.981677] ehci-pci: EHCI PCI platform driver
[    0.982815] ehci-platform: EHCI generic platform driver
[    0.983930] ohci_hcd: USB 1.1 'Open' Host Controller (OHCI) Driver
[    0.985156] ohci-pci: OHCI PCI platform driver
[    0.986029] ohci-platform: OHCI generic platform driver
[    0.986981] uhci_hcd: USB Universal Host Controller Interface driver
[    0.988080] i8042: PNP: PS/2 Controller [PNP0303:PS2K,PNP0f03:PS2M] at 0x60,0x64 irq 1,12
[    0.990512] serio: i8042 KBD port at 0x60,0x64 irq 1
[    0.992397] serio: i8042 AUX port at 0x60,0x64 irq 12
[    0.994079] mousedev: PS/2 mouse device common for all mice
[    0.996060] input: AT Translated Set 2 keyboard as /devices/platform/i8042/serio0/input/input2
[    0.999080] rtc_cmos rtc_cmos: rtc core: registered rtc_cmos as rtc0
[    1.001019] rtc_cmos rtc_cmos: alarms up to one day, 114 bytes nvram
[    1.002405] i2c /dev entries driver
[    1.003194] device-mapper: uevent: version 1.0.3
[    1.004037] device-mapper: ioctl: 4.37.0-ioctl (2017-09-20) initialised: dm-devel@redhat.com
[    1.005613] ledtrig-cpu: registered to indicate activity on CPUs
[    1.008139] NET: Registered protocol family 10
[    1.015426] Segment Routing with IPv6
[    1.016412] NET: Registered protocol family 17
[    1.017650] Key type dns_resolver registered
[    1.018788] mce: Using 0 MCE banks
[    1.019582] RAS: Correctable Errors collector initialized.
[    1.020791] sched_clock: Marking stable (1020757736, 0)->(1230895394, -210137658)
[    1.022809] registered taskstats version 1
[    1.023702] Loading compiled-in X.509 certificates
[    1.029935] Loaded X.509 cert 'Build time autogenerated kernel key: b5b26778eaa3ab3a4a6cee031137706e947d12ad'
[    1.034364] Loaded X.509 cert 'Canonical Ltd. Live Patch Signing: 14df34d1a87cf37625abec039ef2bf521249b969'
[    1.036871] Loaded X.509 cert 'Canonical Ltd. Kernel Module Signing: 88f752e560a1e0737e31163a466ad7b70a850c19'
[    1.038521] blacklist: Loading compiled-in revocation X.509 certificates
[    1.039683] Loaded X.509 cert 'Canonical Ltd. Secure Boot Signing: 61482aa2830d0ab2ad5af10b7250da9033ddcef0'
[    1.043854] Loaded X.509 cert 'Canonical Ltd. Secure Boot Signing (2017): 242ade75ac4a15e50d50c84b0d45ff3eae707a03'
[    1.046883] Loaded X.509 cert 'Canonical Ltd. Secure Boot Signing (ESM 2018): 365188c1d374d6b07c3c8f240f8ef722433d6a8b'
[    1.049418] Loaded X.509 cert 'Canonical Ltd. Secure Boot Signing (2019): c0746fd6c5da3ae827864651ad66ae47fe24b3e8'
[    1.051590] Loaded X.509 cert 'Canonical Ltd. Secure Boot Signing (2021 v1): a8d54bbb3825cfb94fa13c9f8a594a195c107b8d'
[    1.053712] Loaded X.509 cert 'Canonical Ltd. Secure Boot Signing (2021 v2): 4cf046892d6fd3c9a5b03f98d845f90851dc6a8c'
[    1.055468] Loaded X.509 cert 'Canonical Ltd. Secure Boot Signing (2021 v3): 100437bb6de6e469b581e61cd66bce3ef4ed53af'
[    1.057774] Loaded X.509 cert 'Canonical Ltd. Secure Boot Signing (Ubuntu Core 2019): c1d57b8f6b743f23ee41f4f7ee292f06eecadfb9'
[    1.061420] zswap: loaded using pool lzo/zbud
[    1.067349] Key type big_key registered
[    1.068177] Key type trusted registered
[    1.070512] Key type encrypted registered
[    1.071172] AppArmor: AppArmor sha1 policy hashing enabled
[    1.071986] ima: No TPM chip found, activating TPM-bypass! (rc=-19)
[    1.073075] ima: Allocated hash algorithm: sha1
[    1.074208] evm: HMAC attrs: 0x1
[    1.076790]   Magic number: 7:71:865
[    1.078227] rtc_cmos rtc_cmos: setting system clock to 2023-09-20 02:53:28 UTC (1695178408)
[    1.080921] BIOS EDD facility v0.16 2004-Jun-25, 0 devices found
[    1.082837] EDD information not available.
[    1.159576] Freeing unused kernel image memory: 2480K
[    1.172129] Write protecting the kernel read-only data: 20480k
[    1.173984] Freeing unused kernel image memory: 2008K
[    1.176128] Freeing unused kernel image memory: 1820K
[    1.185963] x86/mm: Checked W+X mappings: passed, no W+X pages found.
[    1.187177] x86/mm: Checking user space page tables
[    1.195905] x86/mm: Checked W+X mappings: passed, no W+X pages found.
Loading, please wait...
starting version 237
[    1.299928] e1000: Intel(R) PRO/1000 Network Driver - version 7.3.21-k8-NAPI
[    1.304753] e1000: Copyright (c) 1999-2006 Intel Corporation.
[    1.336218] Fusion MPT base driver 3.04.20
[    1.337942] Copyright (c) 1999-2008 LSI Corporation
[    1.378959] Fusion MPT SPI Host driver 3.04.20
[    1.386117] AVX2 version of gcm_enc/dec engaged.
[    1.388273] AES CTR mode by8 optimization enabled
[    1.551663] input: ImExPS/2 Generic Explorer Mouse as /devices/platform/i8042/serio1/input/input4
[    1.892803] e1000 0000:00:03.0 eth0: (PCI:33MHz:32-bit) 02:3b:7b:b7:3b:2d
[    1.895596] e1000 0000:00:03.0 eth0: Intel(R) PRO/1000 Network Connection
[    1.899278] mptbase: ioc0: Initiating bringup
[    2.004497] ioc0: LSI53C1030 A0: Capabilities={Initiator}
[    2.256879] scsi host2: ioc0: LSI53C1030 A0, FwRev=00000000h, Ports=1, MaxQ=256, IRQ=20
[    2.435497] scsi 2:0:0:0: Direct-Access     VBOX     HARDDISK         1.0  PQ: 0 ANSI: 5
[    2.600161] scsi target2:0:0: Beginning Domain Validation
[    2.603331] scsi target2:0:0: Domain Validation skipping write tests
[    2.605111] scsi target2:0:0: Ending Domain Validation
[    2.606968] scsi target2:0:0: asynchronous
[    2.609865] scsi 2:0:1:0: Direct-Access     VBOX     HARDDISK         1.0  PQ: 0 ANSI: 5
[    2.959148] scsi target2:0:1: Beginning Domain Validation
[    2.964340] scsi target2:0:1: Domain Validation skipping write tests
[    2.967725] scsi target2:0:1: Ending Domain Validation
[    2.970144] scsi target2:0:1: asynchronous
[    2.973993] sd 2:0:0:0: [sda] 83886080 512-byte logical blocks: (42.9 GB/40.0 GiB)
[    2.977125] sd 2:0:0:0: [sda] Write Protect is off
[    2.979419] e1000 0000:00:08.0 eth1: (PCI:33MHz:32-bit) 08:00:27:e0:66:1b
[    2.983202] e1000 0000:00:08.0 eth1: Intel(R) PRO/1000 Network Connection
[    2.983664] sd 2:0:0:0: Attached scsi generic sg0 type 0
[    2.987668] sd 2:0:0:0: [sda] Incomplete mode parameter data
[    2.988765] sd 2:0:1:0: [sdb] 20480 512-byte logical blocks: (10.5 MB/10.0 MiB)
[    2.989812] sd 2:0:0:0: [sda] Assuming drive cache: write through
[    2.993077] sd 2:0:1:0: [sdb] Write Protect is off
[    2.994899] sd 2:0:1:0: Attached scsi generic sg1 type 0
[    2.999410] sd 2:0:1:0: [sdb] Incomplete mode parameter data
[    3.001666] sd 2:0:1:0: [sdb] Assuming drive cache: write through
[    3.005045]  sda: sda1
[    3.008208] sd 2:0:0:0: [sda] Attached SCSI disk
[    3.013627] sd 2:0:1:0: [sdb] Attached SCSI disk
[    3.390875] e1000 0000:00:09.0 eth2: (PCI:33MHz:32-bit) 08:00:27:d0:ce:a0
[    3.392552] e1000 0000:00:09.0 eth2: Intel(R) PRO/1000 Network Connection
[    3.394747] e1000 0000:00:08.0 enp0s8: renamed from eth1
[    3.412301] e1000 0000:00:03.0 enp0s3: renamed from eth0
[    3.474063] e1000 0000:00:09.0 enp0s9: renamed from eth2
Begin: Loading essential drivers ... [    5.364157] raid6: sse2x1   gen()  7254 MB/s
[    5.412139] raid6: sse2x1   xor()  4328 MB/s
[    5.460121] raid6: sse2x2   gen()  8730 MB/s
[    5.508069] raid6: sse2x2   xor()  6388 MB/s
[    5.556075] raid6: sse2x4   gen()  9577 MB/s
[    5.604079] raid6: sse2x4   xor()  5531 MB/s
[    5.652086] raid6: avx2x1   gen() 12324 MB/s
[    5.700016] raid6: avx2x1   xor()  9232 MB/s
[    5.748152] raid6: avx2x2   gen() 17159 MB/s
[    5.796145] raid6: avx2x2   xor()  8351 MB/s
[    5.844261] raid6: avx2x4   gen() 16612 MB/s
[    5.892090] raid6: avx2x4   xor() 10073 MB/s
[    5.893811] raid6: using algorithm avx2x2 gen() 17159 MB/s
[    5.895333] raid6: .... xor() 8351 MB/s, rmw enabled
[    5.896561] raid6: using avx2x2 recovery algorithm
[    5.898892] xor: automatically using best checksumming function   avx       
[    5.901690] async_tx: api initialized (async)
done.
Begin: Running /scripts/init-premount ... done.
Begin: Mounting root file system ... Begin: Running /scripts/local-top ... done.
Begin: Running /scripts/local-premount ... [    5.968823] Btrfs loaded, crc32c=crc32c-intel
Scanning for Btrfs filesystems
done.
Warning: fsck not present, so skipping root file system
[    6.004679] EXT4-fs (sda1): mounted filesystem with ordered data mode. Opts: (null)
done.
Begin: Running /scripts/local-bottom ... done.
Begin: Running /scripts/init-bottom ... done.
[    6.247040] ip_tables: (C) 2000-2006 Netfilter Core Team
[    6.264246] systemd[1]: systemd 237 running in system mode. (+PAM +AUDIT +SELINUX +IMA +APPARMOR +SMACK +SYSVINIT +UTMP +LIBCRYPTSETUP +GCRYPT +GNUTLS +ACL +XZ +LZ4 +SECCOMP +BLKID +ELFUTILS +KMOD -IDN2 +IDN -PCRE2 default-hierarchy=hybrid)
[    6.271099] systemd[1]: Detected virtualization oracle.
[    6.272544] systemd[1]: Detected architecture x86-64.

Welcome to [1mUbuntu 18.04.6 LTS[0m!

[    6.286880] systemd[1]: Set hostname to <ubuntu>.
[    6.291209] systemd[1]: Initializing machine ID from random generator.
[    6.293714] systemd[1]: Installed transient /etc/machine-id file.
[    6.654173] systemd[1]: Created slice System Slice.
[[0;32m  OK  [0m] Created slice System Slice.
[    6.656009] systemd[1]: Listening on Journal Socket (/dev/log).
[[0;32m  OK  [0m] Listening on Journal Socket (/dev/log).
[    6.659687] systemd[1]: Listening on Journal Socket.
[[0;32m  OK  [0m] Listening on Journal Socket.
[    6.663997] systemd[1]: Mounting Kernel Debug File System...
         Mounting Kernel Debug File System...
[[0;32m  OK  [0m] Listening on Syslog Socket.
[[0;32m  OK  [0m] Listening on fsck to fsckd communication Socket.
[[0;32m  OK  [0m] Reached target User and Group Name Lookups.
[[0;32m  OK  [0m] Reached target Mounting snaps.
[[0;32m  OK  [0m] Listening on /dev/initctl Compatibility Named Pipe.
         Starting File System Check on Root Device...
[[0;32m  OK  [0m] Reached target Mounted snaps.
[[0;32m  OK  [0m] Listening on LVM2 poll daemon socket.
[[0;32m  OK  [0m] Listening on LVM2 metadata daemon socket.
         Starting Create list of required st…ce nodes for the current kernel...
[[0;32m  OK  [0m] Listening on Device-mapper event daemon FIFOs.
[[0;32m  OK  [0m] Reached target System Time Synchronized.
         Mounting POSIX Message Queue File System...
[[0;32m  OK  [0m] Listening on udev Kernel Socket.
         Starting Load Kernel Modules...
         Starting Uncomplicated firewall...
[[0;32m  OK  [0m] Listening on Network Service Netlink Socket.
         Starting Monitoring of LVM2 mirrors…ng dmeventd or progress polling...
         Mounting Huge Pages File System...
[    6.763488] Loading iSCSI transport class v2.0-870.
[[0;32m  OK  [0m] Created slice User and Session Slice.
[[0;32m  OK  [0m] Set up automount Arbitrary Executab…rmats File System Automount Point.
[[0;32m  OK  [0m] Listening on udev Control Socket.
         Starting udev Coldplug all Devices...
[[0;32m  OK  [0m] Reached target Slices.
[[0;32m  OK  [0m] Listening on Journal Audit Socket.
[    6.839310] iscsi: registered transport (tcp)
         Starting Journal Service...
[[0;32m  OK  [0m] Created slice system-serial\x2dgetty.slice.
[[0;32m  OK  [0m] Started Forward Password Requests to Wall Directory Watch.
[[0;32m  OK  [0m] Reached target Swap.
         Starting Set the console keyboard layout...
[[0;32m  OK  [0m] Mounted Kernel Debug File System.
[[0;32m  OK  [0m] Started File System Check on Root Device.
[[0;32m  OK  [0m] Started Create list of required sta…vice nodes for the current kernel.
[[0;32m  OK  [0m] Mounted POSIX Message Queue File System.
[[0;32m  OK  [0m] Started Uncomplicated firewall.
[[0;32m  OK  [0m] Mounted Huge Pages File System.
[[0;32m  OK  [0m] Started LVM2 metadata daemon.
[[0;32m  OK  [0m] Started File System Check Daemon to report status.
         Starting Create Static Device Nodes in /dev...
         Starting Remount Root and Kernel File Systems...
[[0;32m  OK  [0m] Started Journal Service.
[    6.934639] iscsi: registered transport (iser)
[[0;32m  OK  [0m] Started Load Kernel Modules.
         Starting Apply Kernel Variables...
         Mounting Kernel Configuration File System...
         Mounting FUSE Control File System...
[[0;32m  OK  [0m] Mounted Kernel Configuration File System.
[[0;32m  OK  [0m] Mounted FUSE Control File System.
[[0;32m  OK  [0m] Started udev Coldplug all Devices.
[[0;32m  OK  [0m] Started Create Static Device Nodes in /dev.
[[0;32m  OK  [0m] Started Remount Root and Kernel File Systems.
         Starting udev Kernel Device Manager...
         Starting Load/Save Random Seed...
         Starting Flush Journal to Persistent Storage...
[[0;32m  OK  [0m] Started Monitoring of LVM2 mirrors,…sing dmeventd or progress polling.
[[0;32m  OK  [0m] Started Apply Kernel Variables.
[[0;32m  OK  [0m] Started Load/Save Random Seed.
[[0;32m  OK  [0m] Started udev Kernel Device Manager.
[[0;32m  OK  [0m] Started Flush Journal to Persistent Storage.
[[0;32m  OK  [0m] Found device /dev/ttyS0.
[[0;32m  OK  [0m] Listening on Load/Save RF Kill Switch Status /dev/rfkill Watch.
         Mounting Arbitrary Executable File Formats File System...
[[0;32m  OK  [0m] Mounted Arbitrary Executable File Formats File System.
[[0;32m  OK  [0m] Started Set the console keyboard layout.
[[0;32m  OK  [0m] Started Dispatch Password Requests to Console Directory Watch.
[[0;32m  OK  [0m] Reached target Local Encrypted Volumes.
[[0;32m  OK  [0m] Reached target Local File Systems (Pre).
[[0;32m  OK  [0m] Reached target Local File Systems.
         Starting Commit a transient machine-id on disk...
         Starting Create Volatile Files and Directories...
         Starting Set console font and keymap...
         Starting Tell Plymouth To Write Out Runtime Data...
         Starting AppArmor initialization...
         Starting ebtables ruleset management...
[[0;32m  OK  [0m] Started Tell Plymouth To Write Out Runtime Data.
[[0;32m  OK  [0m] Started Create Volatile Files and Directories.
         Starting Update UTMP about System Boot/Shutdown...
[[0;32m  OK  [0m] Started Update UTMP about System Boot/Shutdown.
[[0;32m  OK  [0m] Started Commit a transient machine-id on disk.
[[0;32m  OK  [0m] Started ebtables ruleset management.
[[0;32m  OK  [0m] Started AppArmor initialization.
         Starting Initial cloud-init job (pre-networking)...
         Starting Load AppArmor profiles managed internally by snapd...
[[0;32m  OK  [0m] Started Load AppArmor profiles managed internally by snapd.
[[0;32m  OK  [0m] Started Set console font and keymap.
[   11.699675] cloud-init[767]: Cloud-init v. 23.1.2-0ubuntu0~18.04.1 running 'init-local' at Wed, 20 Sep 2023 02:53:38 +0000. Up 11.23 seconds.
[[0;32m  OK  [0m] Started Initial cloud-init job (pre-networking).
[[0;32m  OK  [0m] Reached target Network (Pre).
         Starting Network Service...
[[0;32m  OK  [0m] Started Network Service.
         Starting Wait for Network to be Configured...
         Starting Network Name Resolution...
[[0;32m  OK  [0m] Started Network Name Resolution.
[[0;32m  OK  [0m] Reached target Network.
[[0;32m  OK  [0m] Reached target Host and Network Name Lookups.
[[0;32m  OK  [0m] Started Wait for Network to be Configured.
         Starting Initial cloud-init job (metadata service crawler)...
[   14.579193] cloud-init[937]: Cloud-init v. 23.1.2-0ubuntu0~18.04.1 running 'init' at Wed, 20 Sep 2023 02:53:41 +0000. Up 14.26 seconds.
[   14.581186] cloud-init[937]: ci-info: ++++++++++++++++++++++++++++++++++++++Net device info+++++++++++++++++++++++++++++++++++++++
[   14.582857] cloud-init[937]: ci-info: +--------+-------+----------------------------+---------------+--------+-------------------+
[   14.584593] cloud-init[937]: ci-info: | Device |   Up  |          Address           |      Mask     | Scope  |     Hw-Address    |
[   14.586022] cloud-init[937]: ci-info: +--------+-------+----------------------------+---------------+--------+-------------------+
[   14.587429] cloud-init[937]: ci-info: | enp0s3 |  True |         10.0.2.15          | 255.255.255.0 | global | 02:3b:7b:b7:3b:2d |
[   14.588959] cloud-init[937]: ci-info: | enp0s3 |  True | fe80::3b:7bff:feb7:3b2d/64 |       .       |  link  | 02:3b:7b:b7:3b:2d |
[   14.592546] cloud-init[937]: ci-info: | enp0s8 | False |             .              |       .       |   .    | 08:00:27:e0:66:1b |
[   14.595432] cloud-init[937]: ci-info: | enp0s9 | False |             .              |       .       |   .    | 08:00:27:d0:ce:a0 |
[   14.597846] cloud-init[937]: ci-info: |   lo   |  True |         127.0.0.1          |   255.0.0.0   |  host  |         .         |
[   14.608277] cloud-init[937]: ci-info: |   lo   |  True |          ::1/128           |       .       |  host  |         .         |
[   14.610847] cloud-init[937]: ci-info: +--------+-------+----------------------------+---------------+--------+-------------------+
[   14.613371] cloud-init[937]: ci-info: ++++++++++++++++++++++++++++Route IPv4 info+++++++++++++++++++++++++++++
[   14.614912] cloud-init[937]: ci-info: +-------+-------------+----------+-----------------+-----------+-------+
[   14.616385] cloud-init[937]: ci-info: | Route | Destination | Gateway  |     Genmask     | Interface | Flags |
[   14.617732] cloud-init[937]: ci-info: +-------+-------------+----------+-----------------+-----------+-------+
[   14.619059] cloud-init[937]: ci-info: |   0   |   0.0.0.0   | 10.0.2.2 |     0.0.0.0     |   enp0s3  |   UG  |
[   14.633488] cloud-init[937]: ci-info: |   1   |   10.0.2.0  | 0.0.0.0  |  255.255.255.0  |   enp0s3  |   U   |
[   14.635188] cloud-init[937]: ci-info: |   2   |   10.0.2.2  | 0.0.0.0  | 255.255.255.255 |   enp0s3  |   UH  |
[   14.636857] cloud-init[937]: ci-info: +-------+-------------+----------+-----------------+-----------+-------+
[   14.638617] cloud-init[937]: ci-info: +++++++++++++++++++Route IPv6 info+++++++++++++++++++
[   14.640264] cloud-init[937]: ci-info: +-------+-------------+---------+-----------+-------+
[   14.652240] cloud-init[937]: ci-info: | Route | Destination | Gateway | Interface | Flags |
[   14.653245] cloud-init[937]: ci-info: +-------+-------------+---------+-----------+-------+
[   14.654370] cloud-init[937]: ci-info: |   1   |  fe80::/64  |    ::   |   enp0s3  |   U   |
[   14.655798] cloud-init[937]: ci-info: |   3   |    local    |    ::   |   enp0s3  |   U   |
[   14.668273] cloud-init[937]: ci-info: |   4   |   ff00::/8  |    ::   |   enp0s3  |   U   |
[   14.669322] cloud-init[937]: ci-info: +-------+-------------+---------+-----------+-------+
[   15.798178] cloud-init[937]: Generating public/private rsa key pair.
[   15.798957] cloud-init[937]: Your identification has been saved in /etc/ssh/ssh_host_rsa_key.
[   15.799879] cloud-init[937]: Your public key has been saved in /etc/ssh/ssh_host_rsa_key.pub.
[   15.801018] cloud-init[937]: The key fingerprint is:
[   15.802053] cloud-init[937]: SHA256:ENbBG49ooZL3EiFFQQZ19UXkYtaNe/2TkkEgQO1tUuk root@ubuntu-bionic
[   15.803557] cloud-init[937]: The key's randomart image is:
[   15.804400] cloud-init[937]: +---[RSA 2048]----+
[   15.805082] cloud-init[937]: |  .*B.=*=o +=    |
[   15.805712] cloud-init[937]: |  ...o..+o.*.o   |
[   15.806373] cloud-init[937]: |   o o.o.=O +..  |
[   15.807140] cloud-init[937]: |  o + o.o=.E.. . |
[   15.808222] cloud-init[937]: |   o +  S o ... .|
[   15.820350] cloud-init[937]: |    . .      .o o|
[   15.820961] cloud-init[937]: |     .       o o.|
[   15.821601] cloud-init[937]: |              . .|
[   15.822449] cloud-init[937]: |                 |
[   15.823286] cloud-init[937]: +----[SHA256]-----+
[   15.824720] cloud-init[937]: Generating public/private dsa key pair.
[   15.826429] cloud-init[937]: Your identification has been saved in /etc/ssh/ssh_host_dsa_key.
[   15.828287] cloud-init[937]: Your public key has been saved in /etc/ssh/ssh_host_dsa_key.pub.
[   15.829948] cloud-init[937]: The key fingerprint is:
[   15.831030] cloud-init[937]: SHA256:M4Se/kCxA6N5Hd3W8Y+eKVwwt6RVAwlnxE7BkP6HCXw root@ubuntu-bionic
[   15.833036] cloud-init[937]: The key's randomart image is:
[   15.833963] cloud-init[937]: +---[DSA 1024]----+
[   15.834651] cloud-init[937]: |           oO*+..|
[   15.835319] cloud-init[937]: |       o . ooB ..|
[   15.836005] cloud-init[937]: |    o + o = * =  |
[   15.836732] cloud-init[937]: |   o = * . + E + |
[   15.837391] cloud-init[937]: |  o . B S   = * .|
[   15.838043] cloud-init[937]: |   . o . o . * + |
[   15.838691] cloud-init[937]: |      o     o =  |
[   15.839395] cloud-init[937]: |       o     .   |
[   15.840212] cloud-init[937]: |        .        |
[   15.841006] cloud-init[937]: +----[SHA256]-----+
[   15.841802] cloud-init[937]: Generating public/private ecdsa key pair.
[   15.842746] cloud-init[937]: Your identification has been saved in /etc/ssh/ssh_host_ecdsa_key.
[   15.843903] cloud-init[937]: Your public key has been saved in /etc/ssh/ssh_host_ecdsa_key.pub.
[   15.845607] cloud-init[937]: The key fingerprint is:
[   15.846367] cloud-init[937]: SHA256:1IpXrdkG9KJwIgcK3lzqdYFouFLejJbIG47+rPnqQMo root@ubuntu-bionic
[   15.847553] cloud-init[937]: The key's randomart image is:
[   15.848279] cloud-init[937]: +---[ECDSA 256]---+
[   15.848953] cloud-init[937]: |. . o...  .      |
[   15.849571] cloud-init[937]: |.o++oo  .o o     |
[   15.850185] cloud-init[937]: |.=+O..+.o = o    |
[   15.850885] cloud-init[937]: |o+* +o.* + *     |
[   15.851573] cloud-init[937]: |+oo.  . S o o    |
[   15.852274] cloud-init[937]: |=o     .   .     |
[   15.852913] cloud-init[937]: |+E               |
[   15.853574] cloud-init[937]: |..o              |
[   15.854397] cloud-init[937]: |.==+             |
[   15.855126] cloud-init[937]: +----[SHA256]-----+
[   15.855879] cloud-init[937]: Generating public/private ed25519 key pair.
[   15.856981] cloud-init[937]: Your identification has been saved in /etc/ssh/ssh_host_ed25519_key.
[   15.858378] cloud-init[937]: Your public key has been saved in /etc/ssh/ssh_host_ed25519_key.pub.
[   15.859664] cloud-init[937]: The key fingerprint is:
[   15.860332] cloud-init[937]: SHA256:+nQmQNUgtaqwfDHbBcACsyn1eV+hFB+gznIr/GxCxZM root@ubuntu-bionic
[   15.861466] cloud-init[937]: The key's randomart image is:
[   15.862376] cloud-init[937]: +--[ED25519 256]--+
[   15.863138] cloud-init[937]: |o.... ..B=o      |
[   15.863841] cloud-init[937]: | =...o = +.o     |
[   15.864474] cloud-init[937]: |+  .o.=.o o      |
[   15.865054] cloud-init[937]: |.    =E+ .       |
[   15.865802] cloud-init[937]: |  . +.*.S        |
[   15.866650] cloud-init[937]: | . +.O =         |
[   15.867455] cloud-init[937]: |  o.* + o o      |
[   15.868467] cloud-init[937]: |   ..+.o +       |
[   15.869502] cloud-init[937]: |     oo .        |
[   15.870356] cloud-init[937]: +----[SHA256]-----+
[[0;32m  OK  [0m] Started Initial cloud-init job (metadata service crawler).
[[0;32m  OK  [0m] Reached target Cloud-config availability.
[[0;32m  OK  [0m] Reached target Network is Online.
[[0;32m  OK  [0m] Reached target Remote File Systems (Pre).
[[0;32m  OK  [0m] Reached target Remote File Systems.
         Starting Availability of block devices...
[[0;32m  OK  [0m] Reached target System Initialization.
[[0;32m  OK  [0m] Listening on Open-iSCSI iscsid Socket.
[[0;32m  OK  [0m] Started Discard unused blocks once a week.
[[0;32m  OK  [0m] Listening on UUID daemon activation socket.
[[0;32m  OK  [0m] Started Daily apt download activities.
[[0;32m  OK  [0m] Listening on cloud-init hotplug hook socket.
[[0;32m  OK  [0m] Started Daily apt upgrade and clean activities.
[[0;32m  OK  [0m] Started Daily Cleanup of Temporary Directories.
[[0;32m  OK  [0m] Started ACPI Events Check.
         Starting Socket activation for snappy daemon.
         Starting LXD - unix socket.
[[0;32m  OK  [0m] Reached target Paths.
[[0;32m  OK  [0m] Listening on D-Bus System Message Bus Socket.
[[0;32m  OK  [0m] Listening on ACPID Listen Socket.
[[0;32m  OK  [0m] Started Ubuntu Advantage Timer for running repeated jobs.
[[0;32m  OK  [0m] Started Message of the Day.
[[0;32m  OK  [0m] Reached target Timers.
[[0;32m  OK  [0m] Started Availability of block devices.
[[0;32m  OK  [0m] Listening on Socket activation for snappy daemon.
[[0;32m  OK  [0m] Listening on LXD - unix socket.
[[0;32m  OK  [0m] Reached target Sockets.
[[0;32m  OK  [0m] Reached target Basic System.
         Starting Virtualbox guest utils...
         Starting LSB: automatic crash report generation...
         Starting Snap Daemon...
         Starting Permit User Sessions...
[[0;32m  OK  [0m] Started D-Bus System Message Bus.
[[0;32m  OK  [0m] Reached target Login Prompts (Pre).
         Starting LSB: Record successful boot for GRUB...
         Starting Login Service...
[[0;32m  OK  [0m] Started Regular background program processing daemon.
         Starting Accounts Service...
[[0;32m  OK  [0m] Started Deferred execution scheduler.
         Starting Dispatcher daemon for systemd-networkd...
         Starting System Logging Service...
[[0;32m  OK  [0m] Started FUSE filesystem for LXC.
         Starting Pollinate to seed the pseudo random number generator...
[[0;32m  OK  [0m] Started irqbalance daemon.
         Starting LXD - container startup/shutdown...
[[0;32m  OK  [0m] Started Permit User Sessions.
[[0;32m  OK  [0m] Started Login Service.
[[0;32m  OK  [0m] Started Unattended Upgrades Shutdown.
         Starting Hold until boot process finishes up...
         Starting Terminate Plymouth Boot Screen...
[[0;32m  OK  [0m] Started System Logging Service.
[[0;32m  OK  [0m] Started Hold until boot process finishes up.
[[0;32m  OK  [0m] Started Serial Getty on ttyS0.
         Starting Set console scheme...
[[0;32m  OK  [0m] Started Terminate Plymouth Boot Screen.
[[0;32m  OK  [0m] Started Set console scheme.
[[0;32m  OK  [0m] Created slice system-getty.slice.
[[0;32m  OK  [0m] Started Getty on tty1.
[[0;32m  OK  [0m] Reached target Login Prompts.
         Starting Authorization Manager...
[[0;32m  OK  [0m] Started LSB: Record successful boot for GRUB.
[[0;32m  OK  [0m] Started LSB: automatic crash report generation.
[[0;32m  OK  [0m] Started Authorization Manager.
[[0;32m  OK  [0m] Started Accounts Service.
[[0;32m  OK  [0m] Started Virtualbox guest utils.
[[0;32m  OK  [0m] Started LXD - container startup/shutdown.
[[0;32m  OK  [0m] Started Dispatcher daemon for systemd-networkd.
[[0;32m  OK  [0m] Started Snap Daemon.
         Starting Wait until snapd is fully seeded...
         Starting Time & Date Service...
[[0;32m  OK  [0m] Started Time & Date Service.
[[0;32m  OK  [0m] Started Pollinate to seed the pseudo random number generator.
         Starting OpenBSD Secure Shell server...
[[0;32m  OK  [0m] Started OpenBSD Secure Shell server.
[[0;32m  OK  [0m] Created slice User Slice of vagrant.
         Starting User Manager for UID 1000...
[[0;32m  OK  [0m] Started Session 1 of user vagrant.
[[0;32m  OK  [0m] Started User Manager for UID 1000.

Ubuntu 18.04.6 LTS ubuntu-bionic ttyS0

ubuntu-bionic login: [   23.997898] cloud-init[1728]: Cloud-init v. 23.1.2-0ubuntu0~18.04.1 running 'modules:config' at Wed, 20 Sep 2023 02:53:50 +0000. Up 23.38 seconds.
ci-info: no authorized SSH keys fingerprints found for user ubuntu.
<14>Sep 20 02:53:52 cloud-init: #############################################################
<14>Sep 20 02:53:52 cloud-init: -----BEGIN SSH HOST KEY FINGERPRINTS-----
<14>Sep 20 02:53:52 cloud-init: 1024 SHA256:M4Se/kCxA6N5Hd3W8Y+eKVwwt6RVAwlnxE7BkP6HCXw root@ubuntu-bionic (DSA)
<14>Sep 20 02:53:52 cloud-init: 256 SHA256:1IpXrdkG9KJwIgcK3lzqdYFouFLejJbIG47+rPnqQMo root@ubuntu-bionic (ECDSA)
<14>Sep 20 02:53:52 cloud-init: 256 SHA256:+nQmQNUgtaqwfDHbBcACsyn1eV+hFB+gznIr/GxCxZM root@ubuntu-bionic (ED25519)
<14>Sep 20 02:53:52 cloud-init: 2048 SHA256:ENbBG49ooZL3EiFFQQZ19UXkYtaNe/2TkkEgQO1tUuk root@ubuntu-bionic (RSA)
<14>Sep 20 02:53:52 cloud-init: -----END SSH HOST KEY FINGERPRINTS-----
<14>Sep 20 02:53:52 cloud-init: #############################################################
-----BEGIN SSH HOST KEY KEYS-----
ecdsa-sha2-nistp256 AAAAE2VjZHNhLXNoYTItbmlzdHAyNTYAAAAIbmlzdHAyNTYAAABBBC8wTgLto8ajCSkEwRLXE5HCpQFwoBtK2SQ+fgS0yaB4fRGwIhhbrFZ8U0BaP8jIfr361nVXQk4SV5IcT0GWnsU= root@ubuntu-bionic
ssh-ed25519 AAAAC3NzaC1lZDI1NTE5AAAAIJYxObbYNJis9EiXHRUwM+Az34C5KYrz2pvsabNmIowj root@ubuntu-bionic
ssh-rsa AAAAB3NzaC1yc2EAAAADAQABAAABAQC4oJzRp/UaI9ZHza5ZwWMDS/aZx1dja9mIYJVtIxEyyWFzXOOdhtNf7ngL0j7Tyrvg3eYQGcSlRraE8komdSyNaMhNiOTXF+NuItATvw2yVW0TFNeH2z27YuoXLe2GVFrHE98vjQNiaFDUOcE+M2FsazdKl2ivxIa+FZQ+Bn4TY4sK1HAGm9ZScsiJ94zuuXcmTGtRihq4gydU0Cwr/+VpolUOgBgnCeL2GB3HmzgTYGEiLsT5x7VbHDf4p9pdC/YnhY6ETR7PW+AxVTFCNSWbNnpvor1dP3LROcXDMX/p5DXPLdpNcWfkX2orFJSVmCYypQLiz8bdlDpZx6OHoCJD root@ubuntu-bionic
-----END SSH HOST KEY KEYS-----
[   24.895708] cloud-init[1883]: Cloud-init v. 23.1.2-0ubuntu0~18.04.1 running 'modules:final' at Wed, 20 Sep 2023 02:53:52 +0000. Up 24.66 seconds.
[   24.899074] cloud-init[1883]: Cloud-init v. 23.1.2-0ubuntu0~18.04.1 finished at Wed, 20 Sep 2023 02:53:52 +0000. Datasource DataSourceNoCloud [seed=/dev/sdb][dsmode=net].  Up 24.87 seconds
